-------------------------------------------------------------------------------
Test set: com.pl.fries.discovery.DiscoveryApplicationTests
-------------------------------------------------------------------------------
Tests run: 1, Failures: 0, Errors: 1, Skipped: 0, Time elapsed: 2.297 s <<< FAILURE! - in com.pl.fries.discovery.DiscoveryApplicationTests
contextLoads  Time elapsed: 0.001 s  <<< ERROR!
java.lang.IllegalStateException: Failed to load ApplicationContext
Caused by: org.springframework.beans.factory.UnsatisfiedDependencyException: Error creating bean with name 'discoveryController' defined in file [/Users/boguslaw/tss/target/classes/com/pl/fries/discovery/controller/DiscoveryController.class]: Unsatisfied dependency expressed through constructor parameter 0; nested exception is org.springframework.beans.factory.UnsatisfiedDependencyException: Error creating bean with name 'discoveryService' defined in file [/Users/boguslaw/tss/target/classes/com/pl/fries/discovery/service/DiscoveryService.class]: Unsatisfied dependency expressed through constructor parameter 0; nested exception is org.springframework.beans.factory.BeanCreationException: Error creating bean with name 'discoveryRepository' defined in com.pl.fries.discovery.repository.DiscoveryRepository defined in @EnableJpaRepositories declared on JpaRepositoriesRegistrar.EnableJpaRepositoriesConfiguration: Invocation of init method failed; nested exception is java.lang.IllegalArgumentException: Not a managed type: class com.pl.fries.discovery.model.Post
Caused by: org.springframework.beans.factory.UnsatisfiedDependencyException: Error creating bean with name 'discoveryService' defined in file [/Users/boguslaw/tss/target/classes/com/pl/fries/discovery/service/DiscoveryService.class]: Unsatisfied dependency expressed through constructor parameter 0; nested exception is org.springframework.beans.factory.BeanCreationException: Error creating bean with name 'discoveryRepository' defined in com.pl.fries.discovery.repository.DiscoveryRepository defined in @EnableJpaRepositories declared on JpaRepositoriesRegistrar.EnableJpaRepositoriesConfiguration: Invocation of init method failed; nested exception is java.lang.IllegalArgumentException: Not a managed type: class com.pl.fries.discovery.model.Post
Caused by: org.springframework.beans.factory.BeanCreationException: Error creating bean with name 'discoveryRepository' defined in com.pl.fries.discovery.repository.DiscoveryRepository defined in @EnableJpaRepositories declared on JpaRepositoriesRegistrar.EnableJpaRepositoriesConfiguration: Invocation of init method failed; nested exception is java.lang.IllegalArgumentException: Not a managed type: class com.pl.fries.discovery.model.Post
Caused by: java.lang.IllegalArgumentException: Not a managed type: class com.pl.fries.discovery.model.Post

